

times in msec
 clock   self+sourced   self:  sourced script
 clock   elapsed:              other lines

000.032  000.032: --- VIM STARTING ---
000.308  000.276: Allocated generic buffers
000.574  000.266: locale set
000.608  000.034: GUI prepared
000.620  000.012: clipboard setup
000.636  000.016: window checked
001.521  000.885: inits 1
001.559  000.038: parsing arguments
001.561  000.002: expanding arguments
001.592  000.031: shell init
002.050  000.458: Termcap init
002.115  000.065: inits 2
002.395  000.280: init highlight
003.281  000.626  000.626: sourcing /usr/share/vim/vimfiles/archlinux.vim
003.350  000.875  000.249: sourcing /etc/vimrc
004.573  000.285  000.285: sourcing /home/shadday/.vim/pack/minpac/opt/minpac/plugin/minpac.vim
005.798  002.126  001.841: sourcing /home/shadday/.vim/minpac.vim
005.846  002.370  000.244: sourcing ~/.vim/vimrc
005.851  000.211: sourcing vimrc file(s)
015.371  000.044  000.044: sourcing /home/shadday/.vim/pack/minpac/opt/minpac/plugin/minpac.vim
016.624  001.164  001.164: sourcing /usr/share/vim/vimfiles/plugin/fzf.vim
017.187  000.135  000.135: sourcing /usr/share/vim/vim82/plugin/getscriptPlugin.vim
017.587  000.374  000.374: sourcing /usr/share/vim/vim82/plugin/gzip.vim
018.072  000.456  000.456: sourcing /usr/share/vim/vim82/plugin/logiPat.vim
018.154  000.049  000.049: sourcing /usr/share/vim/vim82/plugin/manpager.vim
018.514  000.334  000.334: sourcing /usr/share/vim/vim82/plugin/matchparen.vim
019.436  000.892  000.892: sourcing /usr/share/vim/vim82/plugin/netrwPlugin.vim
019.563  000.068  000.068: sourcing /usr/share/vim/vim82/plugin/rrhelper.vim
019.654  000.051  000.051: sourcing /usr/share/vim/vim82/plugin/spellfile.vim
019.929  000.233  000.233: sourcing /usr/share/vim/vim82/plugin/tarPlugin.vim
020.172  000.196  000.196: sourcing /usr/share/vim/vim82/plugin/tohtml.vim
020.484  000.275  000.275: sourcing /usr/share/vim/vim82/plugin/vimballPlugin.vim
020.883  000.323  000.323: sourcing /usr/share/vim/vim82/plugin/zipPlugin.vim
020.892  010.447: loading plugins
022.916  001.775  001.775: sourcing /home/shadday/.vim/pack/minpac/start/fzf.vim/plugin/fzf.vim
027.269  004.161  004.161: sourcing /home/shadday/.vim/pack/minpac/start/vim-fugitive/plugin/fugitive.vim
028.551  000.322  000.322: sourcing /home/shadday/.vim/pack/minpac/start/vim-gitgutter/autoload/gitgutter/utility.vim
029.580  000.298  000.298: sourcing /home/shadday/.vim/pack/minpac/start/vim-gitgutter/autoload/gitgutter/highlight.vim
032.077  004.503  003.883: sourcing /home/shadday/.vim/pack/minpac/start/vim-gitgutter/plugin/gitgutter.vim
032.210  000.879: loading packages
032.255  000.045: loading after plugins
039.002  006.747: inits 3
039.494  000.492: reading viminfo
043.019  003.525: setup clipboard
043.035  000.016: setting raw mode
043.053  000.018: start termcap
043.089  000.036: clearing screen
044.005  000.916: opening buffers
044.742  000.347  000.347: sourcing /home/shadday/.vim/pack/minpac/start/vim-gitgutter/autoload/gitgutter.vim
046.108  001.756: BufEnter autocommands
046.123  000.015: editing files in windows
046.531  000.408: VimEnter autocommands
046.534  000.003: before starting main loop
048.209  001.675: first screen update
048.213  000.004: --- VIM STARTED ---
